<?xml version="1.0" encoding="UTF-8"?>
<testng-results ignored="0" total="1" passed="1" failed="0" skipped="0">
  <reporter-output>
  </reporter-output>
  <suite started-at="2023-06-14T23:43:39 IST" name="Suite" finished-at="2023-06-14T23:43:51 IST" duration-ms="12174">
    <groups>
    </groups>
    <test started-at="2023-06-14T23:43:39 IST" name="Test" finished-at="2023-06-14T23:43:51 IST" duration-ms="12174">
      <class name="org.test.FaceBook">
        <test-method is-config="true" signature="beforeLaunch()[pri:0, instance:org.test.FaceBook@3e11f9e9]" started-at="2023-06-14T23:43:39 IST" name="beforeLaunch" finished-at="2023-06-14T23:43:43 IST" duration-ms="3800" status="PASS">
          <reporter-output>
          </reporter-output>
        </test-method> <!-- beforeLaunch -->
        <test-method signature="test1()[pri:0, instance:org.test.FaceBook@3e11f9e9]" started-at="2023-06-14T23:43:43 IST" name="test1" finished-at="2023-06-14T23:43:51 IST" duration-ms="8125" status="PASS">
          <reporter-output>
          </reporter-output>
        </test-method> <!-- test1 -->
        <test-method is-config="true" signature="afterLaunch()[pri:0, instance:org.test.FaceBook@3e11f9e9]" started-at="2023-06-14T23:43:51 IST" name="afterLaunch" finished-at="2023-06-14T23:43:51 IST" duration-ms="191" status="PASS">
          <reporter-output>
          </reporter-output>
        </test-method> <!-- afterLaunch -->
      </class> <!-- org.test.FaceBook -->
    </test> <!-- Test -->
  </suite> <!-- Suite -->
</testng-results>
